<?xml version="1.0" encoding="UTF-8"?>
<!-- Generated by org.testng.reporters.JUnitReportReporter -->
<testsuite skipped="0" hostname="DESKTOP-OTA0MNN" name="testRunners.RunnerShoppingHappy" tests="1" failures="0" timestamp="2020-04-02T15:57:47 CST" time="35.656" errors="0">
  <testcase name="runScenario" time="35.656" classname="testRunners.RunnerShoppingHappy"/>
  <system-out/>
</testsuite> <!-- testRunners.RunnerShoppingHappy -->
