<?xml version="1.0" encoding="UTF-8"?>
<!-- Generated by org.testng.reporters.JUnitReportReporter -->
<testsuite skipped="0" hostname="DESKTOP-NFGD101" name="testRunners.RunnerCreateAccountNegative" tests="1" failures="0" timestamp="2020-04-02T02:41:22 PDT" time="22.378" errors="0">
  <testcase name="runScenario" time="22.378" classname="testRunners.RunnerCreateAccountNegative"/>
  <system-out/>
</testsuite> <!-- testRunners.RunnerCreateAccountNegative -->
