<?xml version="1.0" encoding="UTF-8"?>
<!-- Generated by org.testng.reporters.JUnitReportReporter -->
<testsuite skipped="0" hostname="DESKTOP-OTA0MNN" name="testRunners.FirstRunner" tests="1" failures="0" timestamp="2020-04-01T21:40:31 CST" time="40.188" errors="0">
  <testcase name="runScenario" time="40.188" classname="testRunners.FirstRunner"/>
  <system-out/>
</testsuite> <!-- testRunners.FirstRunner -->
