<?xml version="1.0" encoding="UTF-8"?>
<!-- Generated by org.testng.reporters.JUnitReportReporter -->
<testsuite skipped="0" hostname="DESKTOP-OTA0MNN" name="testRunners.RunnerShoppingNegative" tests="1" failures="0" timestamp="2020-04-02T15:58:51 CST" time="27.548" errors="0">
  <testcase name="runScenario" time="27.548" classname="testRunners.RunnerShoppingNegative"/>
  <system-out/>
</testsuite> <!-- testRunners.RunnerShoppingNegative -->
