<?xml version="1.0" encoding="UTF-8"?>
<!-- Generated by org.testng.reporters.JUnitReportReporter -->
<testsuite skipped="0" hostname="DESKTOP-NFGD101" name="testRunners.FirstRunner" tests="1" failures="0" timestamp="2020-04-02T02:13:06 PDT" time="21.961" errors="0">
  <testcase name="runScenario" time="21.961" classname="testRunners.FirstRunner"/>
  <system-out/>
</testsuite> <!-- testRunners.FirstRunner -->
